Gene ID	CAZy ID	% Identical	Length	Mismatches	Gap Open	Gene Start	Gene End	CAZy Start	CAZy End	E Value	Bit Score
sdo	UGB06864.1|GH1	100.0	470	0	0	1	470	1	470	0.0	989
enem	WDI34681.1|GH1	100.0	477	0	0	1	477	1	477	0.0	988
eet	WDI36181.1|GH1	100.0	477	0	0	1	477	1	477	0.0	996
bay	AZJ45093.1|GH1	100.0	466	0	0	1	466	1	466	0.0	975
baq	CCF04704.1|GH1	100.0	466	0	0	1	466	1	466	0.0	974
bya	QOE05306.1|GH1	100.0	466	0	0	1	466	1	466	0.0	972
bqy	QOE05306.1|GH1	100.0	466	0	0	1	466	1	466	0.0	972
bamp	AFZ90268.1|GH1	100.0	466	0	0	1	466	1	466	0.0	973
baml	CCP21171.1|GH1	100.0	466	0	0	1	466	1	466	0.0	974
bama	CDG29140.1|GH1	100.0	466	0	0	1	466	1	466	0.0	973
bamn	CDG25449.1|GH1	100.0	466	0	0	1	466	1	466	0.0	972
bamb	AIU81341.1|GH1	100.0	466	0	0	1	466	1	466	0.0	974
bamt	AZJ45093.1|GH1	100.0	466	0	0	1	466	1	466	0.0	975
bamy	AHZ15186.1|GH1	100.0	466	0	0	1	466	1	466	0.0	974
bmp	AIU81341.1|GH1	100.0	466	0	0	1	466	1	466	0.0	974
bao	AEB24384.1|GH1	100.0	466	0	0	1	466	1	466	0.0	974
baz	AEB24384.1|GH1	100.0	466	0	0	1	466	1	466	0.0	974
bql	AEB24384.1|GH1	100.0	466	0	0	1	466	1	466	0.0	974
bxh	AEB24384.1|GH1	100.0	466	0	0	1	466	1	466	0.0	974
bami	CCF04704.1|GH1	100.0	466	0	0	1	466	1	466	0.0	974
bamc	AZJ45093.1|GH1	100.0	466	0	0	1	466	1	466	0.0	975
bamf	CCF04704.1|GH1	100.0	466	0	0	1	466	1	466	0.0	974
bsia	AME05669.1|GH1	100.0	466	0	0	1	466	1	466	0.0	975
bvm	QFS24232.1|GH1	100.0	466	0	0	1	466	1	466	0.0	974
bacp	AWX71654.1|GH1	100.0	466	0	0	1	466	1	466	0.0	974
bacb	AJE78252.1|GH1	100.0	466	0	0	1	466	1	466	0.0	971
bacs	AME05669.1|GH1	100.0	466	0	0	1	466	1	466	0.0	975
bafc	UHC65366.1|GH1	100.0	466	0	0	1	466	1	466	0.0	972
tap	AIF67338.1|GH1	100.0	466	0	0	1	466	1	466	0.0	974
sau	AMG41918.1|GH1	100.0	470	0	0	1	470	1	470	0.0	986
sav	AMG41918.1|GH1	100.0	470	0	0	1	470	1	470	0.0	986
saw	AMG41918.1|GH1	100.0	470	0	0	1	470	1	470	0.0	986
sah	AMG41918.1|GH1	100.0	470	0	0	1	470	1	470	0.0	986
saj	AMG41918.1|GH1	100.0	470	0	0	1	470	1	470	0.0	986
sam	AMG41918.1|GH1	100.0	470	0	0	1	470	1	470	0.0	986
sas	AMG41918.1|GH1	100.0	470	0	0	1	470	1	470	0.0	986
sar	AIW27878.1|GH1	100.0	470	0	0	1	470	1	470	0.0	986
sac	AAW37056.1|GH1	100.0	470	0	0	1	470	1	470	0.0	986
sax	QBC24646.1|GH1	100.0	470	0	0	1	470	1	470	0.0	986
saa	QBC24646.1|GH1	100.0	470	0	0	1	470	1	470	0.0	986
sao	QBC24646.1|GH1	100.0	470	0	0	1	470	1	470	0.0	986
sae	QBC24646.1|GH1	100.0	470	0	0	1	470	1	470	0.0	986
sad	AMG41918.1|GH1	100.0	470	0	0	1	470	1	470	0.0	986
suu	AEV79149.1|GH1	100.0	470	0	0	1	470	1	470	0.0	986
suv	QBC24646.1|GH1	100.0	470	0	0	1	470	1	470	0.0	986
sue	AMG41918.1|GH1	100.0	470	0	0	1	470	1	470	0.0	986
suj	ADL24022.1|GH1	100.0	470	0	0	1	470	1	470	0.0	984
suk	QBC24646.1|GH1	100.0	470	0	0	1	470	1	470	0.0	986
suc	AMG41918.1|GH1	100.0	470	0	0	1	470	1	470	0.0	986
sut	QBC24646.1|GH1	100.0	470	0	0	1	470	1	470	0.0	986
suq	AIW27878.1|GH1	100.0	470	0	0	1	470	1	470	0.0	986
suz	AMG41918.1|GH1	100.0	470	0	0	1	470	1	470	0.0	986
sud	AMG41918.1|GH1	100.0	470	0	0	1	470	1	470	0.0	986
sux	AIA00015.1|GH1	100.0	470	0	0	1	470	1	470	0.0	985
suw	QBC24646.1|GH1	100.0	470	0	0	1	470	1	470	0.0	986
sug	AMG41918.1|GH1	100.0	470	0	0	1	470	1	470	0.0	986
suf	VDZ12913.1|GH1	100.0	470	0	0	1	470	1	470	0.0	986
saua	AIW27878.1|GH1	100.0	470	0	0	1	470	1	470	0.0	986
saue	AGU55790.1|GH1	100.0	470	0	0	1	470	1	470	0.0	986
saun	AMG41918.1|GH1	100.0	470	0	0	1	470	1	470	0.0	986
saus	AEV79149.1|GH1	100.0	470	0	0	1	470	1	470	0.0	986
sauu	AEV79149.1|GH1	100.0	470	0	0	1	470	1	470	0.0	986
saug	AEV79149.1|GH1	100.0	470	0	0	1	470	1	470	0.0	986
sauz	QBC24646.1|GH1	100.0	470	0	0	1	470	1	470	0.0	986
saut	AMG41918.1|GH1	100.0	470	0	0	1	470	1	470	0.0	986
sauj	AMG41918.1|GH1	100.0	470	0	0	1	470	1	470	0.0	986
sauk	AMG41918.1|GH1	100.0	470	0	0	1	470	1	470	0.0	986
sauq	AMG41918.1|GH1	100.0	470	0	0	1	470	1	470	0.0	986
sauv	AMG41918.1|GH1	100.0	470	0	0	1	470	1	470	0.0	986
sauw	AMG41918.1|GH1	100.0	470	0	0	1	470	1	470	0.0	986
saux	AMG41918.1|GH1	100.0	470	0	0	1	470	1	470	0.0	986
sauy	AMG41918.1|GH1	100.0	470	0	0	1	470	1	470	0.0	986
sauf	AAW37056.1|GH1	100.0	470	0	0	1	470	1	470	0.0	986
sab	AMG41918.1|GH1	100.0	470	0	0	1	470	1	470	0.0	986
suy	AMG41918.1|GH1	100.0	470	0	0	1	470	1	470	0.0	986
saub	AMG41918.1|GH1	100.0	470	0	0	1	470	1	470	0.0	986
saum	QBC24646.1|GH1	100.0	470	0	0	1	470	1	470	0.0	986
sauc	AIA00015.1|GH1	100.0	470	0	0	1	470	1	470	0.0	985
saur	QBC24646.1|GH1	100.0	470	0	0	1	470	1	470	0.0	986
saui	QBC24646.1|GH1	100.0	470	0	0	1	470	1	470	0.0	986
saud	AMG41918.1|GH1	100.0	470	0	0	1	470	1	470	0.0	986
sams	AEV79149.1|GH1	100.0	470	0	0	1	470	1	470	0.0	986
suh	CCE59849.1|GH1	100.0	470	0	0	1	470	1	470	0.0	985
ser	QDA67844.1|GH1	100.0	470	0	0	1	470	1	470	0.0	984
sep	QDA67844.1|GH1	100.0	470	0	0	1	470	1	470	0.0	984
sepp	CDM14326.1|GH1	100.0	470	0	0	1	470	1	470	0.0	984
seps	AIR82288.1|GH1	100.0	470	0	0	1	470	1	470	0.0	984
sha	XOW50163.1|GH1	100.0	469	0	0	1	469	2	470	0.0	981
shh	XOW50163.1|GH1	100.0	469	0	0	1	469	2	470	0.0	981
sca	CAL27580.1|GH1	100.0	485	0	0	1	485	1	485	0.0	1005
slg	AMG63675.2|GH1	100.0	469	0	0	1	469	2	470	0.0	979
sln	AMG63675.2|GH1	100.0	469	0	0	1	469	2	470	0.0	979
ssd	ADV06381.1|GH1	100.0	468	0	0	1	468	1	468	0.0	982
sdt	QIW08467.1|GH1	100.0	468	0	0	1	468	1	468	0.0	983
swa	AGC90030.1|GH1	100.0	470	0	0	1	470	1	470	0.0	989
spas	UGB06864.1|GH1	100.0	470	0	0	1	470	1	470	0.0	989
shu	XHP49383.1|GH1	100.0	467	0	0	1	467	1	467	0.0	983
scap	XCW19507.1|GH1	100.0	470	0	0	1	470	1	470	0.0	985
ssch	AKS67166.1|GH1	100.0	470	0	0	1	470	1	470	0.0	973
sscz	AKS73704.1|GH1	100.0	470	0	0	1	470	1	470	0.0	973
sagq	QIN24794.1|GH1	100.0	467	0	0	1	467	1	467	0.0	981
ssif	AVI00619.1|GH1	100.0	424	0	0	1	424	1	424	0.0	863
scv	VEG64797.1|GH1	100.0	468	0	0	1	468	1	468	0.0	972
spet	ASE36647.1|GH1	100.0	469	0	0	1	469	1	469	0.0	987
slz	ARJ50340.1|GH1	100.0	467	0	0	1	467	1	467	0.0	977
sfq	AVP36551.1|GH1	100.0	467	0	0	1	467	1	467	0.0	982
shom	AYY66810.1|GH1	100.0	470	0	0	1	470	1	470	0.0	981
scar	QDW93383.1|GH1	100.0	470	0	0	1	470	1	470	0.0	983
schr	XPV31896.1|GH1	100.0	467	0	0	1	467	1	467	0.0	982
spic	SNV06486.1|GH1	100.0	468	0	0	1	468	1	468	0.0	970
ssh	VEE66638.1|GH1	100.0	470	0	0	1	470	1	470	0.0	984
ssim	SNV78175.1|GH1	100.0	470	0	0	1	470	1	470	0.0	987
sdb	AYU54833.1|GH1	100.0	468	0	0	1	468	1	468	0.0	971
saul	SQJ09832.1|GH1	100.0	470	0	0	1	470	1	470	0.0	976
srai	UEX90630.1|GH1	100.0	467	0	0	1	467	1	467	0.0	982
stas	UDI79264.1|GH1	100.0	470	0	0	1	470	1	470	0.0	983
sdev	WKU14470.1|GH1	100.0	470	0	0	1	470	1	470	0.0	983
srot	UMT80233.1|GH1	100.0	470	0	0	1	470	1	470	0.0	987
sscu	ASE34217.1|GH1	100.0	471	0	0	1	471	1	471	0.0	972
mlen	XRY56100.1|GH1	100.0	467	0	0	1	467	1	467	0.0	980
mary	UBH21774.1|GH1	100.0	467	0	0	1	467	1	467	0.0	983
manm	XNZ47413.1|GH1	100.0	468	0	0	1	468	1	468	0.0	983
mboe	WZE72471.1|GH1	100.0	467	0	0	1	467	1	467	0.0	982
eat	ACQ69978.1|GH1	100.0	474	0	0	1	474	1	474	0.0	978
emm	WDH75308.1|GH1	100.0	474	0	0	1	474	1	474	0.0	974
lld	AWJ95659.1|GH1	100.0	468	0	0	1	468	1	468	0.0	984
llc	UHU66377.1|GH1	100.0	468	0	0	1	468	1	468	0.0	988
llr	QEX50165.1|GH1	100.0	468	0	0	1	468	1	468	0.0	987
lli	QRZ31098.1|GH1	100.0	468	0	0	1	468	1	468	0.0	988
spy	AFV38743.1|GH1	100.0	468	0	0	1	468	1	468	0.0	981
spz	AAZ52250.1|GH1	100.0	477	0	0	1	477	1	477	0.0	1000
spym	BAM29641.1|GH1	100.0	482	0	0	1	482	1	482	0.0	1009
spya	AFV38743.1|GH1	100.0	468	0	0	1	468	1	468	0.0	981
spm	CBG21056.1|GH1	100.0	468	0	0	1	468	1	468	0.0	982
spg	SQF37409.1|GH1	100.0	468	0	0	1	468	1	468	0.0	980
sps	SQF37409.1|GH1	100.0	468	0	0	1	468	1	468	0.0	980
sph	ABF34766.1|GH1	100.0	468	0	0	1	468	1	468	0.0	984
spi	ABF38679.1|GH1	100.0	482	0	0	1	482	1	482	0.0	1009
spj	ABF32822.1|GH1	100.0	468	0	0	1	468	1	468	0.0	981
spk	ABF32822.1|GH1	100.0	468	0	0	1	468	1	468	0.0	981
spf	CAM30928.1|GH1	100.0	468	0	0	1	468	1	468	0.0	981
spa	BAR45152.1|GH1	100.0	468	0	0	1	468	1	468	0.0	981
spb	AKL63807.1|GH1	100.0	468	0	0	1	468	1	468	0.0	980
stg	SQH11113.1|GH1	100.0	468	0	0	1	468	1	468	0.0	980
stx	SQH11113.1|GH1	100.0	468	0	0	1	468	1	468	0.0	980
soz	ACI61842.1|GH1	100.0	477	0	0	1	477	1	477	0.0	1000
stz	AMY98165.1|GH1	100.0	468	0	0	1	468	1	468	0.0	977
spyh	QCK73158.1|GH1	100.0	468	0	0	1	468	1	468	0.0	979
spyo	QCK32774.1|GH1	100.0	468	0	0	1	468	1	468	0.0	981
spn	AUF84342.1|GH1	100.0	470	0	0	1	470	1	470	0.0	972
spn_1	CBG21012.1|GH1	100.0	468	0	0	1	468	1	468	0.0	984
spd	QEL27831.1|GH1	100.0	470	0	0	1	470	1	470	0.0	971
spd_1	QBK29027.1|GH1	100.0	468	0	0	1	468	1	468	0.0	986
spr	QEL27831.1|GH1	100.0	470	0	0	1	470	1	470	0.0	971
spr_1	QBK29027.1|GH1	100.0	468	0	0	1	468	1	468	0.0	986
spw	ACB90364.1|GH1	100.0	471	0	0	1	471	1	471	0.0	989
sjj	VFH73154.1|GH1	100.0	468	0	0	1	468	1	468	0.0	984
snv	ACO17169.1|GH1	100.0	468	0	0	1	468	1	468	0.0	984
spx	ACF55638.1|GH1	100.0	470	0	0	1	470	1	470	0.0	973
spx_1	ACF55578.1|GH1	100.0	468	0	0	1	468	1	468	0.0	984
snt	APJ34000.1|GH1	100.0	470	0	0	1	470	1	470	0.0	969
snt_1	ACO23459.1|GH1	100.0	468	0	0	1	468	1	468	0.0	983
snd	APJ34000.1|GH1	100.0	470	0	0	1	470	1	470	0.0	969
snd_1	ACO23459.1|GH1	100.0	468	0	0	1	468	1	468	0.0	983
spnn	APJ34000.1|GH1	100.0	470	0	0	1	470	1	470	0.0	969
spnn_1	ACO23459.1|GH1	100.0	468	0	0	1	468	1	468	0.0	983
sne	AVD75031.1|GH1	100.0	468	0	0	1	468	1	468	0.0	984
spv	ARD36354.1|GH1	100.0	470	0	0	1	470	1	470	0.0	972
spv_1	VFI06535.1|GH1	100.0	468	0	0	1	468	1	468	0.0	983
snc	APJ34000.1|GH1	100.0	470	0	0	1	470	1	470	0.0	969
snc_1	ACO23459.1|GH1	100.0	468	0	0	1	468	1	468	0.0	983
snm	ACO16954.1|GH1	100.0	470	0	0	1	470	1	470	0.0	973
snm_1	ACO17169.1|GH1	100.0	468	0	0	1	468	1	468	0.0	984
spp	AFS42586.1|GH1	100.0	470	0	0	1	470	1	470	0.0	972
spp_1	ACO21988.1|GH1	100.0	468	0	0	1	468	1	468	0.0	983
sni	VFI36709.1|GH1	100.0	470	0	0	1	470	1	470	0.0	971
sni_1	VFH36785.1|GH1	100.0	468	0	0	1	468	1	468	0.0	984
spng	AFS42586.1|GH1	100.0	470	0	0	1	470	1	470	0.0	972
spng_1	ACO17169.1|GH1	100.0	468	0	0	1	468	1	468	0.0	984
snb	ADM90627.1|GH1	100.0	470	0	0	1	470	1	470	0.0	971
snb_1	VFH73154.1|GH1	100.0	468	0	0	1	468	1	468	0.0	984
snp	ADM84075.1|GH1	100.0	470	0	0	1	470	1	470	0.0	972
snp_1	ACO17169.1|GH1	100.0	468	0	0	1	468	1	468	0.0	984
snx	BAW84683.1|GH1	100.0	468	0	0	1	468	1	468	0.0	984
snu	QBK29027.1|GH1	100.0	468	0	0	1	468	1	468	0.0	986
spne	BAW84683.1|GH1	100.0	468	0	0	1	468	1	468	0.0	984
spne_1	BAX32253.1|GH1	100.0	470	0	0	1	470	1	470	0.0	973
spnu	BAW84683.1|GH1	100.0	468	0	0	1	468	1	468	0.0	984
spnm	BAW84683.1|GH1	100.0	468	0	0	1	468	1	468	0.0	984
spno	BAW84683.1|GH1	100.0	468	0	0	1	468	1	468	0.0	984
san	CAD46988.1|GH1	100.0	468	0	0	1	468	1	468	0.0	983
sagm	CCW38105.1|GH1	100.0	468	0	0	1	468	1	468	0.0	984
sagi	CCW40225.1|GH1	100.0	468	0	0	1	468	1	468	0.0	985
smu	AVM71162.1|GH1	100.0	468	0	0	1	468	1	468	0.0	983
smc	BAH87646.1|GH1	100.0	468	0	0	1	468	1	468	0.0	981
smut	BBC56966.1|GH1	100.0	468	0	0	1	468	1	468	0.0	984
smj	BAL68963.1|GH1	100.0	468	0	0	1	468	1	468	0.0	984
smua	AVM71162.1|GH1	100.0	468	0	0	1	468	1	468	0.0	983
ssa	ABN45075.1|GH1	100.0	468	0	0	1	468	1	468	0.0	986
ssb	SNV41809.1|GH1	100.0	468	0	0	1	468	1	468	0.0	983
ssb_1	AER21287.1|GH1	100.0	468	0	0	1	468	1	468	0.0	982
ssu	ADE31372.1|GH1	100.0	475	0	0	1	475	1	475	0.0	996
ssv	ABP92206.1|GH1	100.0	475	0	0	1	475	1	475	0.0	997
ssi	AER21287.1|GH1	100.0	468	0	0	1	468	1	468	0.0	982
sss	AER21287.1|GH1	100.0	468	0	0	1	468	1	468	0.0	982
ssf	AER21287.1|GH1	100.0	468	0	0	1	468	1	468	0.0	982
ssw	ADE31372.1|GH1	100.0	475	0	0	1	475	1	475	0.0	996
sup	AER21287.1|GH1	100.0	468	0	0	1	468	1	468	0.0	982
ssus	AER21287.1|GH1	100.0	468	0	0	1	468	1	468	0.0	982
sst	QLL55570.1|GH1	100.0	468	0	0	1	468	1	468	0.0	982
ssuy	QLL55570.1|GH1	100.0	468	0	0	1	468	1	468	0.0	982
ssq	QLL55570.1|GH1	100.0	468	0	0	1	468	1	468	0.0	982
sui	AER21287.1|GH1	100.0	468	0	0	1	468	1	468	0.0	982
suo	AER21287.1|GH1	100.0	468	0	0	1	468	1	468	0.0	982
srp	AER21287.1|GH1	100.0	468	0	0	1	468	1	468	0.0	982
ssui	UTI58094.1|GH1	100.0	468	0	0	1	468	1	468	0.0	984
sgo	ABV10357.1|GH1	100.0	468	0	0	1	468	1	468	0.0	990
sez	SQF53549.1|GH1	100.0	469	0	0	1	469	1	469	0.0	976
seq	WOK54856.1|GH1	100.0	469	0	0	1	469	1	469	0.0	977
sezo	QGM13354.1|GH1	100.0	469	0	0	1	469	1	469	0.0	977
sequ	QGM13354.1|GH1	100.0	469	0	0	1	469	1	469	0.0	977
sub	AUC24877.1|GH1	100.0	468	0	0	1	468	1	468	0.0	984
sub_1	AUC25470.1|GH1	100.0	467	0	0	1	467	1	467	0.0	983
sda	WEQ80308.1|GH1	100.0	468	0	0	1	468	1	468	0.0	983
sdq	SQE85718.1|GH1	100.0	468	0	0	1	468	1	468	0.0	983
sga	CBZ47376.1|GH1	100.0	466	0	0	1	466	1	466	0.0	979
sga_1	CBI13541.1|GH1	100.0	468	0	0	1	468	1	468	0.0	987
sgg	CBZ47376.1|GH1	100.0	466	0	0	1	466	1	466	0.0	979
sgg_1	WAW97832.1|GH1	100.0	468	0	0	1	468	1	468	0.0	986
sgt	CBZ47376.1|GH1	100.0	466	0	0	1	466	1	466	0.0	979
sgt_1	WAW97832.1|GH1	100.0	468	0	0	1	468	1	468	0.0	986
smb	CBJ22286.1|GH1	100.0	468	0	0	1	468	1	468	0.0	979
stoy	BDB09134.1|GH1	100.0	468	0	0	1	468	1	468	0.0	984
sor	CBZ00741.1|GH1	100.0	468	0	0	1	468	1	468	0.0	984
stb	WOO58025.1|GH1	100.0	466	0	0	1	466	1	466	0.0	978
stb_1	SQI08521.1|GH1	100.0	468	0	0	1	468	1	468	0.0	988
scp	AEH55718.1|GH1	100.0	468	0	0	1	468	1	468	0.0	985
scf	AFJ26235.1|GH1	100.0	468	0	0	1	468	1	468	0.0	986
std	AEL10588.1|GH1	100.0	468	0	0	1	468	1	468	0.0	981
smn	WAK63271.1|GH1	100.0	466	0	0	1	466	1	466	0.0	975
smn_1	WAK63268.1|GH1	100.0	468	0	0	1	468	1	468	0.0	985
smn_2	WAK62391.1|GH1	100.0	468	0	0	1	468	1	468	0.0	982
sie	BAM23794.1|GH1	100.0	468	0	0	1	468	1	468	0.0	981
sib	AGU75826.1|GH1	100.0	468	0	0	1	468	1	468	0.0	982
siu	AGU77625.1|GH1	100.0	468	0	0	1	468	1	468	0.0	983
sang	AGU82001.1|GH1	100.0	466	0	0	1	466	1	466	0.0	973
sanc	BAN61256.1|GH1	100.0	468	0	0	1	468	1	468	0.0	982
sans	AIK77373.1|GH1	100.0	466	0	0	1	466	1	466	0.0	973
scg	AGU80329.1|GH1	100.0	468	0	0	1	468	1	468	0.0	982
scon	AGU74938.1|GH1	100.0	468	0	0	1	468	1	468	0.0	981
scos	AGU74938.1|GH1	100.0	468	0	0	1	468	1	468	0.0	981
slu	AGS04724.1|GH1	100.0	466	0	0	1	466	1	466	0.0	976
slu_1	ALT83420.1|GH1	100.0	475	0	0	1	475	1	475	0.0	997
sig	AYF93362.1|GH1	100.0	468	0	0	1	468	1	468	0.0	985
stv	AHZ47791.1|GH1	100.0	468	0	0	1	468	1	468	0.0	984
spat	AND78765.1|GH1	100.0	467	0	0	1	467	1	467	0.0	984
stra	AMP67745.1|GH1	100.0	492	0	0	1	492	1	492	0.0	1028
ssob	AWN20580.1|GH1	100.0	467	0	0	1	467	1	467	0.0	980
srq	BDD40812.1|GH1	100.0	468	0	0	1	468	1	468	0.0	988
ski	AYF93362.1|GH1	100.0	468	0	0	1	468	1	468	0.0	985
spei	AZQ42108.1|GH1	100.0	466	0	0	1	466	1	466	0.0	974
srat	QEY07995.1|GH1	100.0	468	0	0	1	468	1	468	0.0	985
splr	AUW97065.1|GH1	100.0	468	0	0	1	468	1	468	0.0	981
strg	BAQ23892.1|GH1	100.0	468	0	0	1	468	1	468	0.0	985
smen	SNU86178.1|GH1	100.0	468	0	0	1	468	1	468	0.0	984
sfer	ATZ02771.1|GH1	100.0	468	0	0	1	468	1	468	0.0	984
scai	VEE25405.1|GH1	100.0	468	0	0	1	468	1	468	0.0	983
schj	AXQ79293.1|GH1	100.0	467	0	0	1	467	1	467	0.0	984
slat	QUB38611.1|GH1	100.0	468	0	0	1	468	1	468	0.0	986
surn	VEF32029.1|GH1	100.0	468	0	0	1	468	1	468	0.0	983
saco	SNV41809.1|GH1	100.0	468	0	0	1	468	1	468	0.0	983
saco_1	SNV45670.1|GH1	100.0	468	0	0	1	468	1	468	0.0	984
sos	QUE53981.1|GH1	100.0	468	0	0	1	468	1	468	0.0	981
srum	QIM46516.1|GH1	100.0	466	0	0	1	466	1	466	0.0	976
smie	VEE12843.1|GH1	100.0	466	0	0	1	466	1	466	0.0	972
spam	QBZ13447.1|GH1	99.4	468	3	0	1	468	1	468	0.0	976
szg	QTH48615.1|GH1	100.0	469	0	0	1	469	1	469	0.0	982
sden	WPS53273.1|GH1	100.0	468	0	0	1	468	1	468	0.0	982
slin	QEW09913.1|GH1	99.8	468	1	0	1	468	1	468	0.0	981
snid	QUB38611.1|GH1	99.8	468	1	0	1	468	1	468	0.0	984
sins	WNY51389.1|GH1	100.0	468	0	0	1	468	1	468	0.0	984
stag	XJW02526.1|GH1	100.0	469	0	0	1	469	1	469	0.0	988
ljf	CAX66452.1|GH1	100.0	475	0	0	1	475	1	475	0.0	993
lde	WRV87099.1|GH1	100.0	481	0	0	1	481	1	481	0.0	1003
lga	ABJ59750.1|GH1|3.2.1.85	100.0	484	0	0	1	484	1	484	0.0	1009
lga_1	UJD19439.1|GH1	100.0	475	0	0	1	475	1	475	0.0	1002
lje	XCS39270.1|GH1	100.0	469	0	0	1	469	1	469	0.0	971
lpw	XCS31496.1|GH1	100.0	475	0	0	1	475	1	475	0.0	990
lpw_1	WRS91392.1|GH1	100.0	475	0	0	1	475	1	475	0.0	1001
lach	UZN42609.1|GH1	100.0	474	0	0	1	474	1	474	0.0	991
lca	UUY34839.1|GH1	100.0	474	0	0	1	474	1	474	0.0	984
lcs	UUY34839.1|GH1	100.0	474	0	0	1	474	1	474	0.0	984
lce	UUY34839.1|GH1	100.0	474	0	0	1	474	1	474	0.0	984
lce_1	UUY34839.1|GH1	100.0	474	0	0	1	474	1	474	0.0	984
lcw	UUY34839.1|GH1	100.0	474	0	0	1	474	1	474	0.0	984
lcl	UUY34839.1|GH1	100.0	474	0	0	1	474	1	474	0.0	984
lpq	UUY34839.1|GH1	100.0	474	0	0	1	474	1	474	0.0	984
lpq_1	UUY34839.1|GH1	100.0	474	0	0	1	474	1	474	0.0	984
lpi	UUY34839.1|GH1	100.0	474	0	0	1	474	1	474	0.0	984
lpap	UUY34839.1|GH1	100.0	474	0	0	1	474	1	474	0.0	984
lcb	UUY34839.1|GH1	100.0	474	0	0	1	474	1	474	0.0	984
lrh	BAI41157.1|GH1	100.0	235	0	0	1	235	1	235	5.77e-174	483
lrg	BAI41157.1|GH1	100.0	235	0	0	1	235	1	235	5.77e-174	483
lrl	AMQ02005.1|GH1	100.0	474	0	0	1	474	1	474	0.0	990
lrl_1	CAR89462.1|GH1	100.0	474	0	0	1	474	1	474	0.0	979
lrl_2	UUY34839.1|GH1	100.0	474	0	0	1	474	1	474	0.0	984
lra	AMQ02005.1|GH1	100.0	474	0	0	1	474	1	474	0.0	990
lra_1	CAR89462.1|GH1	100.0	474	0	0	1	474	1	474	0.0	979
lro	XBD27205.1|GH1	100.0	475	0	0	1	475	1	475	0.0	991
lro_1	AGP70446.1|GH1	100.0	474	0	0	1	474	1	474	0.0	975
lrc	AMQ02005.1|GH1	100.0	474	0	0	1	474	1	474	0.0	990
lrc_1	CAR89462.1|GH1	100.0	474	0	0	1	474	1	474	0.0	979
lchi	UYN57030.1|GH1	100.0	474	0	0	1	474	1	474	0.0	984
lze	UUY34839.1|GH1	100.0	474	0	0	1	474	1	474	0.0	984
lze_1	UUY34839.1|GH1	100.0	474	0	0	1	474	1	474	0.0	984
lhn	WFB42319.1|GH1	100.0	474	0	0	1	474	1	474	0.0	988
lpab	WDF82357.1|GH1	100.0	472	0	0	1	472	1	472	0.0	988
lpah	WLV78328.1|GH1	100.0	474	0	0	1	474	1	474	0.0	986
lsb	ARY90482.1|GH1	100.0	474	0	0	1	474	1	474	0.0	989
lsb_1	WLV81362.1|GH1	100.0	474	0	0	1	474	1	474	0.0	987
laca	WEV57003.1|GH1	100.0	472	0	0	1	472	1	472	0.0	979
laca_1	SFV39474.1|GH1	100.0	469	0	0	1	469	1	469	0.0	975
lani	QCQ04842.1|GH1	100.0	476	0	0	1	476	1	476	0.0	988
pio	AVK99227.1|GH1	100.0	471	0	0	1	471	1	471	0.0	979
lhi	ALB28787.1|GH1	100.0	474	0	0	1	474	1	474	0.0	979
lct	APU71519.1|GH1	100.0	482	0	0	1	482	1	482	0.0	1009
lct_1	APU71523.1|GH1	100.0	469	0	0	1	469	1	469	0.0	972
lct_2	APU72417.1|GH1	100.0	476	0	0	1	476	1	476	0.0	991
lalw	APX71340.1|GH1	100.0	476	0	0	1	476	1	476	0.0	991
lalw_1	APX72972.1|GH1	100.0	474	0	0	1	474	1	474	0.0	981
lfm	ATO45393.1|GH1	100.0	476	0	0	1	476	1	476	0.0	990
lfm_1	ATO46602.1|GH1	100.0	475	0	0	1	475	1	475	0.0	997
lfm_2	ATO46606.1|GH1	100.0	473	0	0	1	473	1	473	0.0	977
lzh	AYE38096.1|GH1	100.0	482	0	0	1	482	1	482	0.0	993
lft	QCX23671.1|GH1	100.0	476	0	0	1	476	1	476	0.0	989
lft_1	QCX24896.1|GH1	100.0	474	0	0	1	474	1	474	0.0	982
cpab	AKP04040.1|GH1	100.0	473	0	0	1	473	1	473	0.0	976
cpab_1	QMT83897.1|GH1	100.0	475	0	0	1	475	1	475	0.0	996
cpab_2	QMT85143.1|GH1	100.0	476	0	0	1	476	1	476	0.0	989
lah	APT19317.1|GH1	100.0	292	0	0	1	292	1	292	1.29e-219	603
efl	QMV94872.1|GH1	100.0	468	0	0	1	468	1	468	0.0	988
efd	QMV94872.1|GH1	100.0	468	0	0	1	468	1	468	0.0	988
efs	QMV94872.1|GH1	100.0	468	0	0	1	468	1	468	0.0	988
efn	QMV94872.1|GH1	100.0	468	0	0	1	468	1	468	0.0	988
efc	QTO60730.1|GH1	100.0	466	0	0	1	466	1	466	0.0	973
efau	QTO60730.1|GH1	100.0	466	0	0	1	466	1	466	0.0	973
efau_1	QMV94872.1|GH1	100.0	468	0	0	1	468	1	468	0.0	988
efu	QTO60730.1|GH1	100.0	466	0	0	1	466	1	466	0.0	973
efm	QMV94872.1|GH1	100.0	468	0	0	1	468	1	468	0.0	988
efm_1	QTO60730.1|GH1	100.0	466	0	0	1	466	1	466	0.0	973
eft	QTO60730.1|GH1	100.0	466	0	0	1	466	1	466	0.0	973
eft_1	AII38343.1|GH1	100.0	467	0	0	1	467	1	467	0.0	969
ecas	EEV40298.2|GH1	100.0	466	0	0	1	466	1	466	0.0	971
emu	BAO07206.1|GH1	100.0	466	0	0	1	466	1	466	0.0	967
edu	QMV94872.1|GH1	100.0	468	0	0	1	468	1	468	0.0	988
egv	AXG38489.1|GH1	100.0	468	0	0	1	468	1	468	0.0	988
eav	QCQ11279.1|GH1	100.0	466	0	0	1	466	1	466	0.0	975
esg	BCA86368.1|GH1	100.0	469	0	0	1	469	1	469	0.0	983
elac	QPL60198.1|GH1	100.0	467	0	0	1	467	1	467	0.0	970
ecec	SQE53950.1|GH1	100.0	468	0	0	1	468	1	468	0.0	983
eraf	QXJ61473.1|GH1	100.0	467	0	0	1	467	1	467	0.0	970
eraf_1	QXJ61479.1|GH1	100.0	466	0	0	1	466	1	466	0.0	973
eds	WCG34382.1|GH1	100.0	467	0	0	1	467	1	467	0.0	969
eds_1	WCG34385.1|GH1	100.0	466	0	0	1	466	1	466	0.0	969
ems	WHA10538.1|GH1	100.0	466	0	0	1	466	1	466	0.0	973
ems_1	AXG38489.1|GH1	100.0	468	0	0	1	468	1	468	0.0	988
enq	AUJ67541.1|GH1	100.0	468	0	0	1	468	1	468	0.0	987
ede	VFI26097.1|GH1	79.4	466	96	0	1	466	1	466	1.8000000000000002e-291	799
mpx	BBC61788.1|GH1	100.0	466	0	0	1	466	1	466	0.0	975
tkr	AYW46040.1|GH1	100.0	476	0	0	1	476	1	476	0.0	996
vlu	UQF71640.1|GH1	100.0	467	0	0	1	467	1	467	0.0	977
avs	AMC01638.1|GH1	100.0	472	0	0	1	472	1	472	0.0	986
carn	AMC01638.1|GH1	98.9	472	5	0	2	473	1	472	0.0	976
cvd	UDE96388.1|GH1	100.0	467	0	0	1	467	1	467	0.0	983
dpm	QDO91743.1|GH1	100.0	474	0	0	1	474	1	474	0.0	990
dst	XBC45812.1|GH1	100.0	474	0	0	1	474	1	474	0.0	989
cac	CBG21019.1|GH1	100.0	474	0	0	1	474	1	474	0.0	992
cae	CBG21019.1|GH1	100.0	474	0	0	1	474	1	474	0.0	992
cay	CBG21019.1|GH1	100.0	474	0	0	1	474	1	474	0.0	992
csb	AQS16236.1|GH1	100.0	475	0	0	1	475	1	475	0.0	994
cbv	AIY84420.1|GH1	100.0	466	0	0	1	466	1	466	0.0	966
crw	URZ08059.1|GH1	100.0	475	0	0	1	475	1	475	0.0	990
cfb	URZ14932.1|GH1	100.0	475	0	0	1	475	1	475	0.0	991
caun	URZ08059.1|GH1	100.0	475	0	0	1	475	1	475	0.0	990
sarj	QPJ84995.1|GH1	100.0	475	0	0	1	475	1	475	0.0	1001
roc	QJA09600.1|GH1	100.0	466	0	0	1	466	1	466	0.0	969
hov	WNZ01231.1|GH1	100.0	467	0	0	1	467	1	467	0.0	991
sri	BAL82141.1|GH1	100.0	472	0	0	1	472	1	472	0.0	986
fro	AMK53447.1|GH1	100.0	466	0	0	1	466	1	466	0.0	963
ebm	BBH25508.1|GH1	100.0	467	0	0	1	467	1	467	0.0	980
fit	BCL58184.1|GH1	100.0	467	0	0	1	467	1	467	0.0	976
erm	QMW75861.1|GH1	100.0	470	0	0	1	470	1	470	0.0	988
cmit	UWO53298.1|GH1	100.0	466	0	0	1	466	1	466	0.0	975
sll	AKX34315.1|GH1	100.0	481	0	0	1	481	1	481	0.0	1006
scla	ARU90989.1|GH1	100.0	381	0	0	1	381	1	381	1.13e-292	795
caer	ATP54168.1|GH1	100.0	479	0	0	1	479	1	479	0.0	1007
caer_1	ATP54908.1|GH1	100.0	469	0	0	1	469	1	469	0.0	993
cstc	UWP10723.1|GH1	100.0	443	0	0	1	443	1	443	0.0	937
lba	ACV38500.1|GH1	100.0	467	0	0	1	467	1	467	0.0	984
lot	AMD95249.1|GH1	100.0	468	0	0	1	468	1	468	0.0	984
leq	ASQ47966.1|GH1	100.0	467	0	0	1	467	1	467	0.0	984
lhf	BBM39262.1|GH1	100.0	467	0	0	1	467	1	467	0.0	981
lsz	BBM40344.1|GH1	100.0	468	0	0	1	468	1	468	0.0	984
lte	BBM57790.1|GH1	100.0	467	0	0	1	467	1	467	0.0	983
lrug	XDU66921.1|GH1	100.0	467	0	0	1	467	1	467	0.0	984
lmes	XDU64169.1|GH1	100.0	467	0	0	1	467	1	467	0.0	984
lala	XDU62868.1|GH1	100.0	467	0	0	1	467	1	467	0.0	984
str	ACZ10298.1|GH1	100.0	468	0	0	1	468	1	468	0.0	978
